<?xml version="1.0" encoding="UTF-8"?>
<testng-results ignored="0" total="1" passed="1" failed="0" skipped="0">
  <reporter-output>
  </reporter-output>
  <suite started-at="2024-01-23T11:12:23 PKT" name="Default suite" finished-at="2024-01-23T11:12:29 PKT" duration-ms="5826">
    <groups>
    </groups>
    <test started-at="2024-01-23T11:12:23 PKT" name="Default test" finished-at="2024-01-23T11:12:29 PKT" duration-ms="5826">
      <class name="com.example.Demo.demoLoginTest">
        <test-method signature="demoLoginTest()[pri:0, instance:com.example.Demo.demoLoginTest@3012646b]" started-at="2024-01-23T11:12:23 PKT" name="demoLoginTest" finished-at="2024-01-23T11:12:29 PKT" duration-ms="5807" status="PASS">
          <reporter-output>
          </reporter-output>
        </test-method> <!-- demoLoginTest -->
      </class> <!-- com.example.Demo.demoLoginTest -->
    </test> <!-- Default test -->
  </suite> <!-- Default suite -->
</testng-results>
